
*** Running vivado
    with args -log hdmi_in_v_tc_0_0.vds -m64 -product Vivado -mode batch -messageDb vivado.pb -notrace -source hdmi_in_v_tc_0_0.tcl


****** Vivado v2017.2.1 (64-bit)
  **** SW Build 1957588 on Wed Aug  9 16:32:24 MDT 2017
  **** IP Build 1948039 on Wed Aug  9 18:19:28 MDT 2017
    ** Copyright 1986-2017 Xilinx, Inc. All Rights Reserved.

source hdmi_in_v_tc_0_0.tcl -notrace
Starting RTL Elaboration : Time (s): cpu = 00:00:03 ; elapsed = 00:00:05 . Memory (MB): peak = 334.660 ; gain = 79.977
INFO: [Synth 8-638] synthesizing module 'hdmi_in_v_tc_0_0' [m:/Documents/hdmi-in/hdmi-in.srcs/sources_1/bd/hdmi_in/ip/hdmi_in_v_tc_0_0/synth/hdmi_in_v_tc_0_0.vhd:96]
INFO: [Synth 8-638] synthesizing module 'axi_lite_ipif' [m:/Documents/hdmi-in/hdmi-in.srcs/sources_1/bd/hdmi_in/ipshared/0ba0/hdl/axi_lite_ipif_v3_0_vh_rfs.vhd:2948]
INFO: [Synth 8-638] synthesizing module 'slave_attachment' [m:/Documents/hdmi-in/hdmi-in.srcs/sources_1/bd/hdmi_in/ipshared/0ba0/hdl/axi_lite_ipif_v3_0_vh_rfs.vhd:2341]
INFO: [Synth 8-638] synthesizing module 'address_decoder' [m:/Documents/hdmi-in/hdmi-in.srcs/sources_1/bd/hdmi_in/ipshared/0ba0/hdl/axi_lite_ipif_v3_0_vh_rfs.vhd:1775]
INFO: [Synth 8-638] synthesizing module 'pselect_f' [m:/Documents/hdmi-in/hdmi-in.srcs/sources_1/bd/hdmi_in/ipshared/0ba0/hdl/axi_lite_ipif_v3_0_vh_rfs.vhd:1534]
INFO: [Synth 8-256] done synthesizing module 'pselect_f' (1#1) [m:/Documents/hdmi-in/hdmi-in.srcs/sources_1/bd/hdmi_in/ipshared/0ba0/hdl/axi_lite_ipif_v3_0_vh_rfs.vhd:1534]
INFO: [Synth 8-638] synthesizing module 'pselect_f__parameterized0' [m:/Documents/hdmi-in/hdmi-in.srcs/sources_1/bd/hdmi_in/ipshared/0ba0/hdl/axi_lite_ipif_v3_0_vh_rfs.vhd:1534]
INFO: [Synth 8-256] done synthesizing module 'pselect_f__parameterized0' (1#1) [m:/Documents/hdmi-in/hdmi-in.srcs/sources_1/bd/hdmi_in/ipshared/0ba0/hdl/axi_lite_ipif_v3_0_vh_rfs.vhd:1534]
INFO: [Synth 8-256] done synthesizing module 'address_decoder' (2#1) [m:/Documents/hdmi-in/hdmi-in.srcs/sources_1/bd/hdmi_in/ipshared/0ba0/hdl/axi_lite_ipif_v3_0_vh_rfs.vhd:1775]
INFO: [Synth 8-256] done synthesizing module 'slave_attachment' (3#1) [m:/Documents/hdmi-in/hdmi-in.srcs/sources_1/bd/hdmi_in/ipshared/0ba0/hdl/axi_lite_ipif_v3_0_vh_rfs.vhd:2341]
INFO: [Synth 8-256] done synthesizing module 'axi_lite_ipif' (4#1) [m:/Documents/hdmi-in/hdmi-in.srcs/sources_1/bd/hdmi_in/ipshared/0ba0/hdl/axi_lite_ipif_v3_0_vh_rfs.vhd:2948]
INFO: [Synth 8-256] done synthesizing module 'hdmi_in_v_tc_0_0' (11#1) [m:/Documents/hdmi-in/hdmi-in.srcs/sources_1/bd/hdmi_in/ip/hdmi_in_v_tc_0_0/synth/hdmi_in_v_tc_0_0.vhd:96]
Finished RTL Elaboration : Time (s): cpu = 00:00:09 ; elapsed = 00:00:16 . Memory (MB): peak = 496.617 ; gain = 241.934
Finished RTL Optimization Phase 1 : Time (s): cpu = 00:00:10 ; elapsed = 00:00:19 . Memory (MB): peak = 496.617 ; gain = 241.934
INFO: [Device 21-403] Loading part xc7z010clg400-1
Constraint Validation Runtime : Time (s): cpu = 00:00:00 ; elapsed = 00:00:00.077 . Memory (MB): peak = 719.813 ; gain = 0.000
Finished Constraint Validation : Time (s): cpu = 00:00:22 ; elapsed = 00:00:41 . Memory (MB): peak = 719.813 ; gain = 465.129
Finished Loading Part and Timing Information : Time (s): cpu = 00:00:22 ; elapsed = 00:00:41 . Memory (MB): peak = 719.813 ; gain = 465.129
Finished applying 'set_property' XDC Constraints : Time (s): cpu = 00:00:22 ; elapsed = 00:00:41 . Memory (MB): peak = 719.813 ; gain = 465.129
Finished RTL Optimization Phase 2 : Time (s): cpu = 00:00:25 ; elapsed = 00:00:45 . Memory (MB): peak = 719.813 ; gain = 465.129
Finished Cross Boundary and Area Optimization : Time (s): cpu = 00:00:31 ; elapsed = 00:00:53 . Memory (MB): peak = 719.813 ; gain = 465.129
Finished Applying XDC Timing Constraints : Time (s): cpu = 00:00:41 ; elapsed = 00:01:07 . Memory (MB): peak = 719.813 ; gain = 465.129
Finished Timing Optimization : Time (s): cpu = 00:00:43 ; elapsed = 00:01:08 . Memory (MB): peak = 719.813 ; gain = 465.129
Finished Technology Mapping : Time (s): cpu = 00:00:44 ; elapsed = 00:01:11 . Memory (MB): peak = 719.813 ; gain = 465.129
Finished IO Insertion : Time (s): cpu = 00:00:45 ; elapsed = 00:01:12 . Memory (MB): peak = 719.813 ; gain = 465.129
Finished Renaming Generated Instances : Time (s): cpu = 00:00:45 ; elapsed = 00:01:12 . Memory (MB): peak = 719.813 ; gain = 465.129
Finished Rebuilding User Hierarchy : Time (s): cpu = 00:00:46 ; elapsed = 00:01:12 . Memory (MB): peak = 719.813 ; gain = 465.129
Finished Renaming Generated Ports : Time (s): cpu = 00:00:46 ; elapsed = 00:01:12 . Memory (MB): peak = 719.813 ; gain = 465.129
Finished Handling Custom Attributes : Time (s): cpu = 00:00:46 ; elapsed = 00:01:13 . Memory (MB): peak = 719.813 ; gain = 465.129
Finished Renaming Generated Nets : Time (s): cpu = 00:00:46 ; elapsed = 00:01:13 . Memory (MB): peak = 719.813 ; gain = 465.129

Report Cell Usage: 
+------+-------+------+
|      |Cell   |Count |
+------+-------+------+
|1     |CARRY4 |    31|
|2     |LUT1   |    84|
|3     |LUT2   |    47|
|4     |LUT3   |   540|
|5     |LUT4   |    78|
|6     |LUT5   |    99|
|7     |LUT6   |   424|
|8     |MUXF7  |   134|
|9     |SRL16E |     6|
|10    |FDRE   |  2740|
|11    |FDSE   |   184|
+------+-------+------+
Finished Writing Synthesis Report : Time (s): cpu = 00:00:46 ; elapsed = 00:01:13 . Memory (MB): peak = 719.813 ; gain = 465.129
synth_design: Time (s): cpu = 00:00:48 ; elapsed = 00:01:16 . Memory (MB): peak = 719.813 ; gain = 466.758
