#-----------------------------------------------------------
# Vivado v2018.3 (64-bit)
# SW Build 2405991 on Thu Dec  6 23:38:27 MST 2018
# IP Build 2404404 on Fri Dec  7 01:43:56 MST 2018
# Start of session at: Thu Jan 10 17:46:04 2019
# Process ID: 9372
# Current directory: C:/Users/manniche/Documents/GitHub/3Ugers3Semester
# Command line: vivado.exe -gui_launcher_event rodinguilauncherevent1920 C:\Users\manniche\Documents\GitHub\3Ugers3Semester\hdmi-in.xpr
# Log file: C:/Users/manniche/Documents/GitHub/3Ugers3Semester/vivado.log
# Journal file: C:/Users/manniche/Documents/GitHub/3Ugers3Semester\vivado.jou
#-----------------------------------------------------------
start_gui
open_project C:/Users/manniche/Documents/GitHub/3Ugers3Semester/hdmi-in.xpr
INFO: [Project 1-313] Project file moved from 'C:/Users/Jonat/Documents/GitHub/3Ugers3Semester' since last save.
Scanning sources...
Finished scanning sources
INFO: [IP_Flow 19-234] Refreshing IP repositories
INFO: [IP_Flow 19-1700] Loaded user IP repository 'c:/Users/manniche/Documents/GitHub/3Ugers3Semester/hdmi-in.ipdefs/repo_0_0'.
INFO: [IP_Flow 19-2313] Loaded Vivado IP repository 'C:/Xilinx/Vivado/2018.3/data/ip'.
open_project: Time (s): cpu = 00:00:25 ; elapsed = 00:00:22 . Memory (MB): peak = 762.195 ; gain = 199.090
launch_sdk -workspace C:/Users/manniche/Documents/GitHub/3Ugers3Semester/hdmi-in.sdk -hwspec C:/Users/manniche/Documents/GitHub/3Ugers3Semester/hdmi-in.sdk/hdmi_in_wrapper.hdf
INFO: [Vivado 12-393] Launching SDK...
INFO: [Vivado 12-417] Running xsdk -workspace C:/Users/manniche/Documents/GitHub/3Ugers3Semester/hdmi-in.sdk -hwspec C:/Users/manniche/Documents/GitHub/3Ugers3Semester/hdmi-in.sdk/hdmi_in_wrapper.hdf
INFO: [Vivado 12-3157] SDK launch initiated. Please check console for any further messages.
launch_sdk -workspace C:/Users/manniche/Documents/GitHub/3Ugers3Semester/hdmi-in.sdk -hwspec C:/Users/manniche/Documents/GitHub/3Ugers3Semester/hdmi-in.sdk/hdmi_in_wrapper.hdf
INFO: [Vivado 12-393] Launching SDK...
INFO: [Vivado 12-417] Running xsdk -workspace C:/Users/manniche/Documents/GitHub/3Ugers3Semester/hdmi-in.sdk -hwspec C:/Users/manniche/Documents/GitHub/3Ugers3Semester/hdmi-in.sdk/hdmi_in_wrapper.hdf
INFO: [Vivado 12-3157] SDK launch initiated. Please check console for any further messages.
reset_run synth_1
launch_runs synth_1 -jobs 4
[Thu Jan 10 17:51:54 2019] Launched synth_1...
Run output will be captured here: C:/Users/manniche/Documents/GitHub/3Ugers3Semester/hdmi-in.runs/synth_1/runme.log
launch_runs impl_1 -jobs 4
[Thu Jan 10 17:52:48 2019] Launched impl_1...
Run output will be captured here: C:/Users/manniche/Documents/GitHub/3Ugers3Semester/hdmi-in.runs/impl_1/runme.log
launch_sdk -workspace C:/Users/manniche/Documents/GitHub/3Ugers3Semester/hdmi-in.sdk -hwspec C:/Users/manniche/Documents/GitHub/3Ugers3Semester/hdmi-in.sdk/hdmi_in_wrapper.hdf
INFO: [Vivado 12-393] Launching SDK...
INFO: [Vivado 12-417] Running xsdk -workspace C:/Users/manniche/Documents/GitHub/3Ugers3Semester/hdmi-in.sdk -hwspec C:/Users/manniche/Documents/GitHub/3Ugers3Semester/hdmi-in.sdk/hdmi_in_wrapper.hdf
INFO: [Vivado 12-3157] SDK launch initiated. Please check console for any further messages.
