#-----------------------------------------------------------
# Vivado v2018.3 (64-bit)
# SW Build 2405991 on Thu Dec  6 23:38:27 MST 2018
# IP Build 2404404 on Fri Dec  7 01:43:56 MST 2018
# Start of session at: Tue Jan 15 08:06:42 2019
# Process ID: 1488
# Current directory: C:/Users/manniche/Documents/GitHub/3Ugers3Semester
# Command line: vivado.exe -gui_launcher_event rodinguilauncherevent10416 C:\Users\manniche\Documents\GitHub\3Ugers3Semester\hdmi-in.xpr
# Log file: C:/Users/manniche/Documents/GitHub/3Ugers3Semester/vivado.log
# Journal file: C:/Users/manniche/Documents/GitHub/3Ugers3Semester\vivado.jou
#-----------------------------------------------------------
start_gui
open_project C:/Users/manniche/Documents/GitHub/3Ugers3Semester/hdmi-in.xpr
Scanning sources...
Finished scanning sources
INFO: [IP_Flow 19-234] Refreshing IP repositories
INFO: [IP_Flow 19-1700] Loaded user IP repository 'c:/Users/manniche/Documents/GitHub/3Ugers3Semester/hdmi-in.ipdefs/repo_0_0'.
INFO: [IP_Flow 19-2313] Loaded Vivado IP repository 'C:/Xilinx/Vivado/2018.3/data/ip'.
open_project: Time (s): cpu = 00:00:33 ; elapsed = 00:00:35 . Memory (MB): peak = 808.543 ; gain = 218.969
update_compile_order -fileset sources_1
INFO: [Vivado 12-4158] Exported Hardware file is out of date. Exported hardware information may be inconsistent with respect to the current state of the design. It is recommended that you re-export the design and launch SDK otherwise SDK is launched with out of date hardware system file.
launch_sdk -workspace C:/Users/manniche/Documents/GitHub/3Ugers3Semester/hdmi-in.sdk -hwspec C:/Users/manniche/Documents/GitHub/3Ugers3Semester/hdmi-in.sdk/hdmi_in_wrapper.hdf
INFO: [Vivado 12-393] Launching SDK...
INFO: [Vivado 12-417] Running xsdk -workspace C:/Users/manniche/Documents/GitHub/3Ugers3Semester/hdmi-in.sdk -hwspec C:/Users/manniche/Documents/GitHub/3Ugers3Semester/hdmi-in.sdk/hdmi_in_wrapper.hdf
INFO: [Vivado 12-3157] SDK launch initiated. Please check console for any further messages.
exit
INFO: [Common 17-206] Exiting Vivado at Tue Jan 15 08:19:00 2019...
