#-----------------------------------------------------------
# Vivado v2018.3 (64-bit)
# SW Build 2405991 on Thu Dec  6 23:38:27 MST 2018
# IP Build 2404404 on Fri Dec  7 01:43:56 MST 2018
# Start of session at: Thu Jan 10 09:05:47 2019
# Process ID: 8884
# Current directory: C:/Users/manniche/Documents/GitHub/3Ugers3Semester
# Command line: vivado.exe -gui_launcher_event rodinguilauncherevent7752 C:\Users\manniche\Documents\GitHub\3Ugers3Semester\hdmi-in.xpr
# Log file: C:/Users/manniche/Documents/GitHub/3Ugers3Semester/vivado.log
# Journal file: C:/Users/manniche/Documents/GitHub/3Ugers3Semester\vivado.jou
#-----------------------------------------------------------
start_gui
open_project C:/Users/manniche/Documents/GitHub/3Ugers3Semester/hdmi-in.xpr
Scanning sources...
Finished scanning sources
INFO: [IP_Flow 19-234] Refreshing IP repositories
INFO: [IP_Flow 19-1700] Loaded user IP repository 'c:/Users/manniche/Documents/GitHub/3Ugers3Semester/hdmi-in.ipdefs/repo_0_0'.
INFO: [IP_Flow 19-2313] Loaded Vivado IP repository 'C:/Xilinx/Vivado/2018.3/data/ip'.
WARNING: [BD 41-1661] One or more IPs have been locked in the design 'hdmi_in.bd'. Please run report_ip_status for more details and recommendations on how to fix this issue.
List of locked IPs:
hdmi_in_rst_processing_system7_0_150M_0
hdmi_in_axi_gpio_sw_0
hdmi_in_axi_gpio_btn_0
hdmi_in_axi_vdma_0_0
hdmi_in_axi_gpio_video_0
hdmi_in_axi_gpio_led_0
hdmi_in_auto_pc_0
hdmi_in_axi_mem_intercon_0
hdmi_in_processing_system7_0_axi_periph_0
hdmi_in_proc_sys_reset_0_0
hdmi_in_rst_processing_system7_0_100M_0
hdmi_in_v_axi4s_vid_out_0_0
hdmi_in_s01_regslice_0
hdmi_in_m00_data_fifo_0
hdmi_in_v_tc_0_0
hdmi_in_s00_regslice_0
hdmi_in_v_tc_1_0
hdmi_in_v_vid_in_axi4s_0_0
hdmi_in_xlconstant_0_0
hdmi_in_xbar_1
hdmi_in_xbar_0
hdmi_in_auto_pc_1
hdmi_in_m00_regslice_0
hdmi_in_auto_us_df_0
hdmi_in_s00_data_fifo_0

open_project: Time (s): cpu = 00:00:32 ; elapsed = 00:00:24 . Memory (MB): peak = 821.813 ; gain = 233.930
update_compile_order -fileset sources_1
INFO: [Vivado 12-4158] Exported Hardware file is out of date. Exported hardware information may be inconsistent with respect to the current state of the design. It is recommended that you re-export the design and launch SDK otherwise SDK is launched with out of date hardware system file.
launch_sdk -workspace C:/Users/manniche/Documents/GitHub/3Ugers3Semester/hdmi-in.sdk -hwspec C:/Users/manniche/Documents/GitHub/3Ugers3Semester/hdmi-in.sdk/hdmi_in_wrapper.hdf
INFO: [Vivado 12-393] Launching SDK...
INFO: [Vivado 12-417] Running xsdk -workspace C:/Users/manniche/Documents/GitHub/3Ugers3Semester/hdmi-in.sdk -hwspec C:/Users/manniche/Documents/GitHub/3Ugers3Semester/hdmi-in.sdk/hdmi_in_wrapper.hdf
INFO: [Vivado 12-3157] SDK launch initiated. Please check console for any further messages.
exit
INFO: [Common 17-206] Exiting Vivado at Thu Jan 10 09:16:29 2019...
