
*** Running vivado
    with args -log hdmi_in_processing_system7_0_0.vds -m64 -product Vivado -mode batch -messageDb vivado.pb -notrace -source hdmi_in_processing_system7_0_0.tcl


****** Vivado v2017.2.1 (64-bit)
  **** SW Build 1957588 on Wed Aug  9 16:32:24 MDT 2017
  **** IP Build 1948039 on Wed Aug  9 18:19:28 MDT 2017
    ** Copyright 1986-2017 Xilinx, Inc. All Rights Reserved.

source hdmi_in_processing_system7_0_0.tcl -notrace
Starting RTL Elaboration : Time (s): cpu = 00:00:03 ; elapsed = 00:00:03 . Memory (MB): peak = 347.039 ; gain = 80.113
INFO: [Synth 8-638] synthesizing module 'hdmi_in_processing_system7_0_0' [m:/Documents/hdmi-in/hdmi-in.srcs/sources_1/bd/hdmi_in/ip/hdmi_in_processing_system7_0_0/synth/hdmi_in_processing_system7_0_0.v:60]
INFO: [Synth 8-638] synthesizing module 'processing_system7_v5_5_processing_system7' [m:/Documents/hdmi-in/hdmi-in.srcs/sources_1/bd/hdmi_in/ip/hdmi_in_processing_system7_0_0/hdl/verilog/processing_system7_v5_5_processing_system7.v:161]
INFO: [Synth 8-638] synthesizing module 'BUFG' [C:/Xilinx/Vivado/2017.2/scripts/rt/data/unisim_comp.v:607]
INFO: [Synth 8-256] done synthesizing module 'BUFG' (1#1) [C:/Xilinx/Vivado/2017.2/scripts/rt/data/unisim_comp.v:607]
INFO: [Synth 8-638] synthesizing module 'BIBUF' [C:/Xilinx/Vivado/2017.2/scripts/rt/data/unisim_comp.v:268]
INFO: [Synth 8-256] done synthesizing module 'BIBUF' (2#1) [C:/Xilinx/Vivado/2017.2/scripts/rt/data/unisim_comp.v:268]
INFO: [Synth 8-638] synthesizing module 'PS7' [C:/Xilinx/Vivado/2017.2/scripts/rt/data/unisim_comp.v:33527]
INFO: [Synth 8-256] done synthesizing module 'PS7' (3#1) [C:/Xilinx/Vivado/2017.2/scripts/rt/data/unisim_comp.v:33527]
INFO: [Synth 8-256] done synthesizing module 'processing_system7_v5_5_processing_system7' (4#1) [m:/Documents/hdmi-in/hdmi-in.srcs/sources_1/bd/hdmi_in/ip/hdmi_in_processing_system7_0_0/hdl/verilog/processing_system7_v5_5_processing_system7.v:161]
INFO: [Synth 8-256] done synthesizing module 'hdmi_in_processing_system7_0_0' (5#1) [m:/Documents/hdmi-in/hdmi-in.srcs/sources_1/bd/hdmi_in/ip/hdmi_in_processing_system7_0_0/synth/hdmi_in_processing_system7_0_0.v:60]
Finished RTL Elaboration : Time (s): cpu = 00:00:04 ; elapsed = 00:00:05 . Memory (MB): peak = 387.117 ; gain = 120.191
Finished RTL Optimization Phase 1 : Time (s): cpu = 00:00:04 ; elapsed = 00:00:06 . Memory (MB): peak = 387.117 ; gain = 120.191
INFO: [Device 21-403] Loading part xc7z010clg400-1
Constraint Validation Runtime : Time (s): cpu = 00:00:00 ; elapsed = 00:00:00.047 . Memory (MB): peak = 610.434 ; gain = 0.000
Finished Constraint Validation : Time (s): cpu = 00:00:14 ; elapsed = 00:00:23 . Memory (MB): peak = 610.434 ; gain = 343.508
Finished Loading Part and Timing Information : Time (s): cpu = 00:00:14 ; elapsed = 00:00:23 . Memory (MB): peak = 610.434 ; gain = 343.508
Finished applying 'set_property' XDC Constraints : Time (s): cpu = 00:00:15 ; elapsed = 00:00:23 . Memory (MB): peak = 610.434 ; gain = 343.508
Finished RTL Optimization Phase 2 : Time (s): cpu = 00:00:15 ; elapsed = 00:00:24 . Memory (MB): peak = 610.434 ; gain = 343.508
Finished Cross Boundary and Area Optimization : Time (s): cpu = 00:00:16 ; elapsed = 00:00:25 . Memory (MB): peak = 610.434 ; gain = 343.508
Finished Applying XDC Timing Constraints : Time (s): cpu = 00:00:26 ; elapsed = 00:00:39 . Memory (MB): peak = 820.242 ; gain = 553.316
Finished Timing Optimization : Time (s): cpu = 00:00:26 ; elapsed = 00:00:39 . Memory (MB): peak = 836.336 ; gain = 569.410
Finished Technology Mapping : Time (s): cpu = 00:00:27 ; elapsed = 00:00:41 . Memory (MB): peak = 840.402 ; gain = 573.477
Finished IO Insertion : Time (s): cpu = 00:00:29 ; elapsed = 00:00:42 . Memory (MB): peak = 840.402 ; gain = 573.477
Finished Renaming Generated Instances : Time (s): cpu = 00:00:29 ; elapsed = 00:00:42 . Memory (MB): peak = 840.402 ; gain = 573.477
Finished Rebuilding User Hierarchy : Time (s): cpu = 00:00:29 ; elapsed = 00:00:42 . Memory (MB): peak = 840.402 ; gain = 573.477
Finished Renaming Generated Ports : Time (s): cpu = 00:00:29 ; elapsed = 00:00:42 . Memory (MB): peak = 840.402 ; gain = 573.477
Finished Handling Custom Attributes : Time (s): cpu = 00:00:29 ; elapsed = 00:00:42 . Memory (MB): peak = 840.402 ; gain = 573.477
Finished Renaming Generated Nets : Time (s): cpu = 00:00:29 ; elapsed = 00:00:42 . Memory (MB): peak = 840.402 ; gain = 573.477

Report Cell Usage: 
+------+------+------+
|      |Cell  |Count |
+------+------+------+
|1     |BIBUF |   130|
|2     |BUFG  |     3|
|3     |LUT1  |   112|
|4     |PS7   |     1|
+------+------+------+
Finished Writing Synthesis Report : Time (s): cpu = 00:00:29 ; elapsed = 00:00:42 . Memory (MB): peak = 840.402 ; gain = 573.477
synth_design: Time (s): cpu = 00:00:30 ; elapsed = 00:00:45 . Memory (MB): peak = 852.930 ; gain = 590.699
