16:29:57 **** Auto Build of configuration Debug for project HDMI_IN ****
make pre-build main-build 
a9-linaro-pre-build-step
' '
'Building file: ../src/video_demo.c'
'Invoking: ARM v7 gcc compiler'
arm-none-eabi-gcc -Wall -O0 -g3 -c -fmessage-length=0 -MT"src/video_demo.o" -mcpu=cortex-a9 -mfpu=vfpv3 -mfloat-abi=hard -I../../HDMI_IN_bsp/ps7_cortexa9_0/include -MMD -MP -MF"src/video_demo.d" -MT"src/video_demo.o" -o "src/video_demo.o" "../src/video_demo.c"
'Finished building: ../src/video_demo.c'
' '
'Building target: HDMI_IN.elf'
'Invoking: ARM v7 gcc linker'
arm-none-eabi-gcc -mcpu=cortex-a9 -mfpu=vfpv3 -mfloat-abi=hard -Wl,-build-id=none -specs=Xilinx.spec -Wl,-T -Wl,../src/lscript.ld -L../../HDMI_IN_bsp/ps7_cortexa9_0/lib -o "HDMI_IN.elf"  ./src/video_capture/video_capture.o  ./src/timer_ps/timer_ps.o  ./src/intc/intc.o  ./src/dynclk/dynclk.o  ./src/display_ctrl/display_ctrl.o  ./src/video_demo.o   -Wl,--start-group,-lxil,-lgcc,-lc,--end-group
'Finished building target: HDMI_IN.elf'
' '
'Invoking: ARM v7 Print Size'
arm-none-eabi-size HDMI_IN.elf  |tee "HDMI_IN.elf.size"
   text	   data	    bss	    dec	    hex	filename
 116888	   4368	18688960	18810216	11f0568	HDMI_IN.elf
'Finished building: HDMI_IN.elf.size'
' '

16:29:58 Build Finished (took 808ms)

