#-----------------------------------------------------------
# Webtalk v2017.2.1 (64-bit)
# SW Build 1957588 on Wed Aug  9 16:32:24 MDT 2017
# 
# Start of session at: Fri Jan 11 14:17:28 2019
# Process ID: 376
# Current directory: M:/Documents/hdmi-in/hdmi-in.sdk/webtalk
# Command line: wbtcv.exe -mode batch -source sdk_webtalk.tcl
# Log file: M:/Documents/hdmi-in/hdmi-in.sdk/webtalk/webtalk.log
# Journal file: M:/Documents/hdmi-in/hdmi-in.sdk/webtalk\webtalk.jou
#-----------------------------------------------------------
source sdk_webtalk.tcl
# webtalk_init -webtalk_dir M:\\Documents\\hdmi-in\\hdmi-in.sdk\\webtalk
# webtalk_register_client -client project
# webtalk_add_data -client project -key date_generated -value "2019-01-11 14:17:26" -context "software_version_and_target_device"
# webtalk_add_data -client project -key product_version -value "SDK v2017.2" -context "software_version_and_target_device"
# webtalk_add_data -client project -key build_version -value "2017.2" -context "software_version_and_target_device"
# webtalk_add_data -client project -key os_platform -value "amd64" -context "software_version_and_target_device"
# webtalk_add_data -client project -key registration_id -value "176339219_1777488102_210671968_007" -context "software_version_and_target_device"
# webtalk_add_data -client project -key tool_flow -value "SDK" -context "software_version_and_target_device"
# webtalk_add_data -client project -key beta -value "false" -context "software_version_and_target_device"
# webtalk_add_data -client project -key route_design -value "NA" -context "software_version_and_target_device"
# webtalk_add_data -client project -key target_family -value "NA" -context "software_version_and_target_device"
# webtalk_add_data -client project -key target_device -value "NA" -context "software_version_and_target_device"
# webtalk_add_data -client project -key target_package -value "NA" -context "software_version_and_target_device"
# webtalk_add_data -client project -key target_speed -value "NA" -context "software_version_and_target_device"
# webtalk_add_data -client project -key random_id -value "1b8ud4p98a1np443me9btk76rg" -context "software_version_and_target_device"
# webtalk_add_data -client project -key project_id -value "2017.2_1" -context "software_version_and_target_device"
# webtalk_add_data -client project -key project_iteration -value "1" -context "software_version_and_target_device"
# webtalk_add_data -client project -key os_name -value "Microsoft Windows 8 or later , 64-bit" -context "user_environment"
# webtalk_add_data -client project -key os_release -value "major release  (build 9200)" -context "user_environment"
# webtalk_add_data -client project -key cpu_name -value "Intel(R) Core(TM) i5-4590 CPU @ 3.30GHz" -context "user_environment"
# webtalk_add_data -client project -key cpu_speed -value "3292 MHz" -context "user_environment"
# webtalk_add_data -client project -key total_processors -value "1" -context "user_environment"
# webtalk_add_data -client project -key system_ram -value "8.000 GB" -context "user_environment"
# webtalk_register_client -client sdk
# webtalk_add_data -client sdk -key uid -value "1547209357936" -context "sdk\\\\hardware/1547209357936"
# webtalk_add_data -client sdk -key isZynq -value "true" -context "sdk\\\\hardware/1547209357936"
# webtalk_add_data -client sdk -key isZynqMP -value "false" -context "sdk\\\\hardware/1547209357936"
# webtalk_add_data -client sdk -key Processors -value "2" -context "sdk\\\\hardware/1547209357936"
# webtalk_add_data -client sdk -key VivadoVersion -value "2017.2" -context "sdk\\\\hardware/1547209357936"
# webtalk_add_data -client sdk -key Arch -value "zynq" -context "sdk\\\\hardware/1547209357936"
# webtalk_add_data -client sdk -key Device -value "7z010" -context "sdk\\\\hardware/1547209357936"
# webtalk_add_data -client sdk -key IsHandoff -value "true" -context "sdk\\\\hardware/1547209357936"
# webtalk_add_data -client sdk -key os -value "NA" -context "sdk\\\\hardware/1547209357936"
# webtalk_add_data -client sdk -key apptemplate -value "NA" -context "sdk\\\\hardware/1547209357936"
# webtalk_add_data -client sdk -key RecordType -value "HWCreation" -context "sdk\\\\hardware/1547209357936"
# webtalk_add_data -client sdk -key uid -value "1547210228526" -context "sdk\\\\bsp/1547210228526"
# webtalk_add_data -client sdk -key hwid -value "1547209357936" -context "sdk\\\\bsp/1547210228526"
# webtalk_add_data -client sdk -key os -value "standalone" -context "sdk\\\\bsp/1547210228526"
# webtalk_add_data -client sdk -key apptemplate -value "hello_world" -context "sdk\\\\bsp/1547210228526"
# webtalk_add_data -client sdk -key RecordType -value "BSPCreation" -context "sdk\\\\bsp/1547210228526"
# webtalk_add_data -client sdk -key uid -value "1547210243769" -context "sdk\\\\application/1547210243769"
# webtalk_add_data -client sdk -key hwid -value "1547209357936" -context "sdk\\\\application/1547210243769"
# webtalk_add_data -client sdk -key bspid -value "1547210228526" -context "sdk\\\\application/1547210243769"
# webtalk_add_data -client sdk -key newbsp -value "true" -context "sdk\\\\application/1547210243769"
# webtalk_add_data -client sdk -key os -value "standalone" -context "sdk\\\\application/1547210243769"
# webtalk_add_data -client sdk -key apptemplate -value "hello_world" -context "sdk\\\\application/1547210243769"
# webtalk_add_data -client sdk -key RecordType -value "APPCreation" -context "sdk\\\\application/1547210243769"
# webtalk_add_data -client sdk -key LangUsed -value "C" -context "sdk\\\\application/1547210243769"
# webtalk_add_data -client sdk -key Procused -value "ps7_cortexa9" -context "sdk\\\\application/1547210243769"
# webtalk_add_data -client sdk -key projSize -value "496.390625" -context "sdk\\\\application/1547210243769"
# webtalk_add_data -client sdk -key uid -value "1547210696806" -context "sdk\\\\bsp/1547210696806"
# webtalk_add_data -client sdk -key hwid -value "1547209357936" -context "sdk\\\\bsp/1547210696806"
# webtalk_add_data -client sdk -key os -value "standalone" -context "sdk\\\\bsp/1547210696806"
# webtalk_add_data -client sdk -key apptemplate -value "empty_application" -context "sdk\\\\bsp/1547210696806"
# webtalk_add_data -client sdk -key RecordType -value "BSPCreation" -context "sdk\\\\bsp/1547210696806"
# webtalk_add_data -client sdk -key uid -value "1547210707600" -context "sdk\\\\application/1547210707600"
# webtalk_add_data -client sdk -key hwid -value "1547209357936" -context "sdk\\\\application/1547210707600"
# webtalk_add_data -client sdk -key bspid -value "1547210696806" -context "sdk\\\\application/1547210707600"
# webtalk_add_data -client sdk -key newbsp -value "true" -context "sdk\\\\application/1547210707600"
# webtalk_add_data -client sdk -key os -value "standalone" -context "sdk\\\\application/1547210707600"
# webtalk_add_data -client sdk -key apptemplate -value "empty_application" -context "sdk\\\\application/1547210707600"
# webtalk_add_data -client sdk -key RecordType -value "APPCreation" -context "sdk\\\\application/1547210707600"
# webtalk_add_data -client sdk -key LangUsed -value "C" -context "sdk\\\\application/1547210707600"
# webtalk_add_data -client sdk -key Procused -value "ps7_cortexa9" -context "sdk\\\\application/1547210707600"
# webtalk_add_data -client sdk -key projSize -value "496.4609375" -context "sdk\\\\application/1547210707600"
# webtalk_add_data -client sdk -key uid -value "NA" -context "sdk\\\\bsp/1547212646382"
# webtalk_add_data -client sdk -key RecordType -value "ToolUsage" -context "sdk\\\\bsp/1547212646382"
# webtalk_add_data -client sdk -key BootgenCount -value "0" -context "sdk\\\\bsp/1547212646382"
# webtalk_add_data -client sdk -key DebugCount -value "0" -context "sdk\\\\bsp/1547212646382"
# webtalk_add_data -client sdk -key PerfCount -value "0" -context "sdk\\\\bsp/1547212646382"
# webtalk_add_data -client sdk -key FlashCount -value "0" -context "sdk\\\\bsp/1547212646382"
# webtalk_add_data -client sdk -key CrossTriggCount -value "0" -context "sdk\\\\bsp/1547212646382"
# webtalk_add_data -client sdk -key QemuDebugCount -value "0" -context "sdk\\\\bsp/1547212646382"
# webtalk_transmit -clientid 2967019639 -regid "176339219_1777488102_210671968_007" -xml M:\\Documents\\hdmi-in\\hdmi-in.sdk\\webtalk\\usage_statistics_ext_sdk.xml -html M:\\Documents\\hdmi-in\\hdmi-in.sdk\\webtalk\\usage_statistics_ext_sdk.html -wdm M:\\Documents\\hdmi-in\\hdmi-in.sdk\\webtalk\\sdk_webtalk.wdm -intro "<H3>SDK Usage Report</H3><BR>"
# webtalk_terminate
INFO: [Common 17-206] Exiting Webtalk at Fri Jan 11 14:17:29 2019...
