14:58:11 INFO  : Registering command handlers for SDK TCF services
14:58:12 INFO  : Launching XSCT server: xsct.bat -interactive C:\Users\bruger\Documents\GitHub\3Ugers3Semester\hdmi-in.sdk\temp_xsdb_launch_script.tcl
14:58:15 INFO  : XSCT server has started successfully.
14:58:15 INFO  : Successfully done setting XSCT server connection channel  
14:58:16 INFO  : Successfully done setting SDK workspace  
14:58:16 INFO  : Processing command line option -hwspec C:/Users/bruger/Documents/GitHub/3Ugers3Semester/hdmi-in.sdk/hdmi_in_wrapper.hdf.
15:04:09 INFO  : Refreshed build settings on project DoodlemonV2
15:11:07 INFO  : Connected to target on host '127.0.0.1' and port '3121'.
15:11:09 INFO  : 'targets -set -filter {jtag_cable_name =~ "Digilent Zybo 210279575063A" && level==0} -index 1' command is executed.
15:11:10 INFO  : FPGA configured successfully with bitstream "C:/Users/bruger/Documents/GitHub/3Ugers3Semester/hdmi-in.sdk/hdmi_in_wrapper_hw_platform_0/hdmi_in_wrapper.bit"
15:11:31 INFO  : 'targets -set -filter {jtag_cable_name =~ "Digilent Zybo 210279575063A" && level==0} -index 1' command is executed.
15:11:31 INFO  : 'fpga -state' command is executed.
15:11:31 INFO  : Connected to target on host '127.0.0.1' and port '3121'.
15:11:32 INFO  : Jtag cable 'Digilent Zybo 210279575063A' is selected.
15:11:32 INFO  : 'jtag frequency' command is executed.
15:11:32 INFO  : Sourcing of 'C:/Users/bruger/Documents/GitHub/3Ugers3Semester/hdmi-in.sdk/hdmi_in_wrapper_hw_platform_0/ps7_init.tcl' is done.
15:11:32 INFO  : Context for 'APU' is selected.
15:11:32 INFO  : Hardware design information is loaded from 'C:/Users/bruger/Documents/GitHub/3Ugers3Semester/hdmi-in.sdk/hdmi_in_wrapper_hw_platform_0/system.hdf'.
15:11:32 INFO  : 'configparams force-mem-access 1' command is executed.
15:11:32 INFO  : Context for 'APU' is selected.
15:11:32 INFO  : 'stop' command is executed.
15:11:32 INFO  : 'ps7_init' command is executed.
15:11:32 INFO  : 'ps7_post_config' command is executed.
15:11:32 INFO  : Context for processor 'ps7_cortexa9_0' is selected.
15:11:32 INFO  : Processor reset is completed for 'ps7_cortexa9_0'.
15:11:32 INFO  : Context for processor 'ps7_cortexa9_0' is selected.
15:11:35 INFO  : The application 'C:/Users/bruger/Documents/GitHub/3Ugers3Semester/hdmi-in.sdk/DoodlemonV2/Debug/DoodlemonV2.elf' is downloaded to processor 'ps7_cortexa9_0'.
15:11:35 INFO  : 'configparams force-mem-access 0' command is executed.
15:11:35 INFO  : ----------------XSDB Script----------------
connect -url tcp:127.0.0.1:3121
source C:/Users/bruger/Documents/GitHub/3Ugers3Semester/hdmi-in.sdk/hdmi_in_wrapper_hw_platform_0/ps7_init.tcl
targets -set -nocase -filter {name =~"APU*" && jtag_cable_name =~ "Digilent Zybo 210279575063A"} -index 0
loadhw -hw C:/Users/bruger/Documents/GitHub/3Ugers3Semester/hdmi-in.sdk/hdmi_in_wrapper_hw_platform_0/system.hdf -mem-ranges [list {0x40000000 0xbfffffff}]
configparams force-mem-access 1
targets -set -nocase -filter {name =~"APU*" && jtag_cable_name =~ "Digilent Zybo 210279575063A"} -index 0
stop
ps7_init
ps7_post_config
targets -set -nocase -filter {name =~ "ARM*#0" && jtag_cable_name =~ "Digilent Zybo 210279575063A"} -index 0
rst -processor
targets -set -nocase -filter {name =~ "ARM*#0" && jtag_cable_name =~ "Digilent Zybo 210279575063A"} -index 0
dow C:/Users/bruger/Documents/GitHub/3Ugers3Semester/hdmi-in.sdk/DoodlemonV2/Debug/DoodlemonV2.elf
configparams force-mem-access 0
----------------End of Script----------------

15:11:35 INFO  : Context for processor 'ps7_cortexa9_0' is selected.
15:11:35 INFO  : 'con' command is executed.
15:11:35 INFO  : ----------------XSDB Script (After Launch)----------------
targets -set -nocase -filter {name =~ "ARM*#0" && jtag_cable_name =~ "Digilent Zybo 210279575063A"} -index 0
con
----------------End of Script----------------

15:11:35 INFO  : Disconnected from the channel tcfchan#1.
15:19:21 INFO  : SDK has detected change in the last modified timestamps for source hardware specification file Source:1548080360093,  Project:1548079024310
15:19:21 INFO  : Project hdmi_in_wrapper_hw_platform_0's source hardware specification located at C:/Users/bruger/Documents/GitHub/3Ugers3Semester/hdmi-in.sdk/hdmi_in_wrapper.hdf is now different from the local copy.
		 The local copy will be replaced with the source specification and your workspace will be updated.
