18:54:53 INFO  : Registering command handlers for SDK TCF services
18:54:54 INFO  : Launching XSCT server: xsct.bat -interactive C:\Users\Jonat\Documents\GitHub\3Ugers3Semester\Doodlemon_SDK\temp_xsdb_launch_script.tcl
18:54:57 INFO  : XSCT server has started successfully.
18:54:57 INFO  : Successfully done setting XSCT server connection channel  
18:54:57 INFO  : Successfully done setting SDK workspace  
18:54:57 INFO  : Processing command line option -hwspec C:/Users/Jonat/Documents/GitHub/3Ugers3Semester/hdmi-in.sdk/hdmi_in_wrapper.hdf.
19:00:16 INFO  : Refreshed build settings on project doodlemon
19:17:51 INFO  : Registering command handlers for SDK TCF services
19:17:51 INFO  : Launching XSCT server: xsct.bat -interactive C:\Users\Jonat\Documents\GitHub\3Ugers3Semester\Doodlemon_SDK\temp_xsdb_launch_script.tcl
19:17:53 INFO  : XSCT server has started successfully.
19:17:53 INFO  : Successfully done setting XSCT server connection channel  
19:17:54 INFO  : Successfully done setting SDK workspace  
19:17:54 INFO  : Processing command line option -hwspec C:/Users/Jonat/Documents/GitHub/3Ugers3Semester/hdmi-in.sdk/hdmi_in_wrapper.hdf.
19:22:50 INFO  : Refreshed build settings on project DoodleV1
19:33:04 INFO  : Connected to target on host '127.0.0.1' and port '3121'.
19:33:06 INFO  : 'targets -set -filter {jtag_cable_name =~ "Digilent Zybo 210279572350A" && level==0} -index 1' command is executed.
19:33:07 INFO  : FPGA configured successfully with bitstream "C:/Users/Jonat/Documents/GitHub/3Ugers3Semester/Doodlemon_SDK/hdmi_in_wrapper_hw_platform_1/hdmi_in_wrapper.bit"
19:33:14 INFO  : 'targets -set -filter {jtag_cable_name =~ "Digilent Zybo 210279572350A" && level==0} -index 1' command is executed.
19:33:14 INFO  : 'fpga -state' command is executed.
19:33:14 INFO  : Connected to target on host '127.0.0.1' and port '3121'.
19:33:14 INFO  : Jtag cable 'Digilent Zybo 210279572350A' is selected.
19:33:14 INFO  : 'jtag frequency' command is executed.
19:33:14 INFO  : Sourcing of 'C:/Users/Jonat/Documents/GitHub/3Ugers3Semester/Doodlemon_SDK/hdmi_in_wrapper_hw_platform_1/ps7_init.tcl' is done.
19:33:15 INFO  : Context for 'APU' is selected.
19:33:15 INFO  : Hardware design information is loaded from 'C:/Users/Jonat/Documents/GitHub/3Ugers3Semester/Doodlemon_SDK/hdmi_in_wrapper_hw_platform_1/system.hdf'.
19:33:15 INFO  : 'configparams force-mem-access 1' command is executed.
19:33:15 INFO  : Context for 'APU' is selected.
19:33:15 INFO  : 'stop' command is executed.
19:33:15 INFO  : 'ps7_init' command is executed.
19:33:15 INFO  : 'ps7_post_config' command is executed.
19:33:15 INFO  : Context for processor 'ps7_cortexa9_0' is selected.
19:33:15 INFO  : Processor reset is completed for 'ps7_cortexa9_0'.
19:33:15 INFO  : Context for processor 'ps7_cortexa9_0' is selected.
19:33:33 INFO  : The application 'C:/Users/Jonat/Documents/GitHub/3Ugers3Semester/Doodlemon_SDK/DoodleV1/Debug/DoodleV1.elf' is downloaded to processor 'ps7_cortexa9_0'.
19:33:33 INFO  : 'configparams force-mem-access 0' command is executed.
19:33:33 INFO  : ----------------XSDB Script----------------
connect -url tcp:127.0.0.1:3121
source C:/Users/Jonat/Documents/GitHub/3Ugers3Semester/Doodlemon_SDK/hdmi_in_wrapper_hw_platform_1/ps7_init.tcl
targets -set -nocase -filter {name =~"APU*" && jtag_cable_name =~ "Digilent Zybo 210279572350A"} -index 0
loadhw -hw C:/Users/Jonat/Documents/GitHub/3Ugers3Semester/Doodlemon_SDK/hdmi_in_wrapper_hw_platform_1/system.hdf -mem-ranges [list {0x40000000 0xbfffffff}]
configparams force-mem-access 1
targets -set -nocase -filter {name =~"APU*" && jtag_cable_name =~ "Digilent Zybo 210279572350A"} -index 0
stop
ps7_init
ps7_post_config
targets -set -nocase -filter {name =~ "ARM*#0" && jtag_cable_name =~ "Digilent Zybo 210279572350A"} -index 0
rst -processor
targets -set -nocase -filter {name =~ "ARM*#0" && jtag_cable_name =~ "Digilent Zybo 210279572350A"} -index 0
dow C:/Users/Jonat/Documents/GitHub/3Ugers3Semester/Doodlemon_SDK/DoodleV1/Debug/DoodleV1.elf
configparams force-mem-access 0
----------------End of Script----------------

19:33:33 INFO  : Context for processor 'ps7_cortexa9_0' is selected.
19:33:33 INFO  : 'con' command is executed.
19:33:33 INFO  : ----------------XSDB Script (After Launch)----------------
targets -set -nocase -filter {name =~ "ARM*#0" && jtag_cable_name =~ "Digilent Zybo 210279572350A"} -index 0
con
----------------End of Script----------------

19:33:33 INFO  : Disconnected from the channel tcfchan#1.
