
*** Running vivado
    with args -log hdmi_in_v_tc_1_0.vds -m64 -product Vivado -mode batch -messageDb vivado.pb -notrace -source hdmi_in_v_tc_1_0.tcl


****** Vivado v2017.2.1 (64-bit)
  **** SW Build 1957588 on Wed Aug  9 16:32:24 MDT 2017
  **** IP Build 1948039 on Wed Aug  9 18:19:28 MDT 2017
    ** Copyright 1986-2017 Xilinx, Inc. All Rights Reserved.

source hdmi_in_v_tc_1_0.tcl -notrace
Starting RTL Elaboration : Time (s): cpu = 00:00:03 ; elapsed = 00:00:06 . Memory (MB): peak = 335.035 ; gain = 79.824
INFO: [Synth 8-638] synthesizing module 'hdmi_in_v_tc_1_0' [m:/Documents/hdmi-in/hdmi-in.srcs/sources_1/bd/hdmi_in/ip/hdmi_in_v_tc_1_0/synth/hdmi_in_v_tc_1_0.vhd:93]
INFO: [Synth 8-638] synthesizing module 'axi_lite_ipif' [m:/Documents/hdmi-in/hdmi-in.srcs/sources_1/bd/hdmi_in/ipshared/0ba0/hdl/axi_lite_ipif_v3_0_vh_rfs.vhd:2948]
INFO: [Synth 8-638] synthesizing module 'slave_attachment' [m:/Documents/hdmi-in/hdmi-in.srcs/sources_1/bd/hdmi_in/ipshared/0ba0/hdl/axi_lite_ipif_v3_0_vh_rfs.vhd:2341]
INFO: [Synth 8-638] synthesizing module 'address_decoder' [m:/Documents/hdmi-in/hdmi-in.srcs/sources_1/bd/hdmi_in/ipshared/0ba0/hdl/axi_lite_ipif_v3_0_vh_rfs.vhd:1775]
INFO: [Synth 8-638] synthesizing module 'pselect_f' [m:/Documents/hdmi-in/hdmi-in.srcs/sources_1/bd/hdmi_in/ipshared/0ba0/hdl/axi_lite_ipif_v3_0_vh_rfs.vhd:1534]
INFO: [Synth 8-256] done synthesizing module 'pselect_f' (1#1) [m:/Documents/hdmi-in/hdmi-in.srcs/sources_1/bd/hdmi_in/ipshared/0ba0/hdl/axi_lite_ipif_v3_0_vh_rfs.vhd:1534]
INFO: [Synth 8-638] synthesizing module 'pselect_f__parameterized0' [m:/Documents/hdmi-in/hdmi-in.srcs/sources_1/bd/hdmi_in/ipshared/0ba0/hdl/axi_lite_ipif_v3_0_vh_rfs.vhd:1534]
INFO: [Synth 8-256] done synthesizing module 'pselect_f__parameterized0' (1#1) [m:/Documents/hdmi-in/hdmi-in.srcs/sources_1/bd/hdmi_in/ipshared/0ba0/hdl/axi_lite_ipif_v3_0_vh_rfs.vhd:1534]
INFO: [Synth 8-256] done synthesizing module 'address_decoder' (2#1) [m:/Documents/hdmi-in/hdmi-in.srcs/sources_1/bd/hdmi_in/ipshared/0ba0/hdl/axi_lite_ipif_v3_0_vh_rfs.vhd:1775]
INFO: [Synth 8-256] done synthesizing module 'slave_attachment' (3#1) [m:/Documents/hdmi-in/hdmi-in.srcs/sources_1/bd/hdmi_in/ipshared/0ba0/hdl/axi_lite_ipif_v3_0_vh_rfs.vhd:2341]
INFO: [Synth 8-256] done synthesizing module 'axi_lite_ipif' (4#1) [m:/Documents/hdmi-in/hdmi-in.srcs/sources_1/bd/hdmi_in/ipshared/0ba0/hdl/axi_lite_ipif_v3_0_vh_rfs.vhd:2948]
INFO: [Synth 8-256] done synthesizing module 'hdmi_in_v_tc_1_0' (11#1) [m:/Documents/hdmi-in/hdmi-in.srcs/sources_1/bd/hdmi_in/ip/hdmi_in_v_tc_1_0/synth/hdmi_in_v_tc_1_0.vhd:93]
Finished RTL Elaboration : Time (s): cpu = 00:00:09 ; elapsed = 00:00:18 . Memory (MB): peak = 497.336 ; gain = 242.125
Finished RTL Optimization Phase 1 : Time (s): cpu = 00:00:10 ; elapsed = 00:00:20 . Memory (MB): peak = 497.336 ; gain = 242.125
INFO: [Device 21-403] Loading part xc7z010clg400-1
Constraint Validation Runtime : Time (s): cpu = 00:00:00 ; elapsed = 00:00:00.081 . Memory (MB): peak = 721.566 ; gain = 0.000
Finished Constraint Validation : Time (s): cpu = 00:00:21 ; elapsed = 00:00:41 . Memory (MB): peak = 721.566 ; gain = 466.355
Finished Loading Part and Timing Information : Time (s): cpu = 00:00:21 ; elapsed = 00:00:41 . Memory (MB): peak = 721.566 ; gain = 466.355
Finished applying 'set_property' XDC Constraints : Time (s): cpu = 00:00:21 ; elapsed = 00:00:41 . Memory (MB): peak = 721.566 ; gain = 466.355
Finished RTL Optimization Phase 2 : Time (s): cpu = 00:00:25 ; elapsed = 00:00:45 . Memory (MB): peak = 721.566 ; gain = 466.355
Finished Cross Boundary and Area Optimization : Time (s): cpu = 00:00:31 ; elapsed = 00:00:53 . Memory (MB): peak = 721.566 ; gain = 466.355
Finished Applying XDC Timing Constraints : Time (s): cpu = 00:00:41 ; elapsed = 00:01:08 . Memory (MB): peak = 721.566 ; gain = 466.355
Finished Timing Optimization : Time (s): cpu = 00:00:43 ; elapsed = 00:01:11 . Memory (MB): peak = 721.566 ; gain = 466.355
Finished Technology Mapping : Time (s): cpu = 00:00:45 ; elapsed = 00:01:13 . Memory (MB): peak = 722.703 ; gain = 467.492
Finished IO Insertion : Time (s): cpu = 00:00:46 ; elapsed = 00:01:14 . Memory (MB): peak = 722.703 ; gain = 467.492
Finished Renaming Generated Instances : Time (s): cpu = 00:00:46 ; elapsed = 00:01:14 . Memory (MB): peak = 722.703 ; gain = 467.492
Finished Rebuilding User Hierarchy : Time (s): cpu = 00:00:46 ; elapsed = 00:01:15 . Memory (MB): peak = 722.703 ; gain = 467.492
Finished Renaming Generated Ports : Time (s): cpu = 00:00:46 ; elapsed = 00:01:15 . Memory (MB): peak = 722.703 ; gain = 467.492
Finished Handling Custom Attributes : Time (s): cpu = 00:00:47 ; elapsed = 00:01:15 . Memory (MB): peak = 722.703 ; gain = 467.492
Finished Renaming Generated Nets : Time (s): cpu = 00:00:47 ; elapsed = 00:01:15 . Memory (MB): peak = 722.703 ; gain = 467.492

Report Cell Usage: 
+------+-------+------+
|      |Cell   |Count |
+------+-------+------+
|1     |CARRY4 |    64|
|2     |LUT1   |   101|
|3     |LUT2   |   126|
|4     |LUT3   |   637|
|5     |LUT4   |   192|
|6     |LUT5   |   120|
|7     |LUT6   |   409|
|8     |MUXF7  |   134|
|9     |SRL16E |     6|
|10    |FDRE   |  2952|
|11    |FDSE   |   196|
+------+-------+------+
Finished Writing Synthesis Report : Time (s): cpu = 00:00:47 ; elapsed = 00:01:15 . Memory (MB): peak = 722.703 ; gain = 467.492
synth_design: Time (s): cpu = 00:00:49 ; elapsed = 00:01:20 . Memory (MB): peak = 722.703 ; gain = 470.121
write_checkpoint: Time (s): cpu = 00:00:02 ; elapsed = 00:00:06 . Memory (MB): peak = 722.703 ; gain = 0.000
